#
# There is insufficient memory for the Java Runtime Environment to continue.
# Native memory allocation (malloc) failed to allocate 1048576 bytes for AllocateHeap
# Possible reasons:
#   The system is out of physical RAM or swap space
#   The process is running with CompressedOops enabled, and the Java Heap may be blocking the growth of the native heap
# Possible solutions:
#   Reduce memory load on the system
#   Increase physical memory or swap space
#   Check if swap backing store is full
#   Decrease Java heap size (-Xmx/-Xms)
#   Decrease number of Java threads
#   Decrease Java thread stack sizes (-Xss)
#   Set larger code cache with -XX:ReservedCodeCacheSize=
#   JVM is running with Unscaled Compressed Oops mode in which the Java heap is
#     placed in the first 4GB address space. The Java Heap base address is the
#     maximum limit for the native heap growth. Please use -XX:HeapBaseMinAddress
#     to set the Java Heap base and to place the Java Heap above 4GB virtual address.
# This output file may be truncated or incomplete.
#
#  Out of Memory Error (allocation.cpp:44), pid=8048, tid=14292
#
# JRE version:  (19.0.1+10) (build )
# Java VM: Java HotSpot(TM) 64-Bit Server VM (19.0.1+10-21, mixed mode, sharing, tiered, compressed oops, compressed class ptrs, g1 gc, windows-amd64)
# No core dump will be written. Minidumps are not enabled by default on client versions of Windows
#

---------------  S U M M A R Y ------------

Command Line: -Dfile.encoding=UTF-8 --module-path=C:\Users\acer\Documents\NetBeansProjects\bank management system\build\classes bank.management.system.SignupThree

Host: Intel(R) Core(TM) i3-4005U CPU @ 1.70GHz, 4 cores, 3G,  Windows 10 , 64 bit Build 19041 (10.0.19041.2364)
Time: Tue Jan 24 17:36:26 2023 India Standard Time elapsed time: 0.020229 seconds (0d 0h 0m 0s)

---------------  T H R E A D  ---------------

Current thread (0x000001c4753dae40):  JavaThread "Unknown thread" [_thread_in_vm, id=14292, stack(0x0000001125800000,0x0000001125900000)]

Stack: [0x0000001125800000,0x0000001125900000]
Native frames: (J=compiled Java code, j=interpreted, Vv=VM code, C=native code)
V  [jvm.dll+0x6ee8fa]
V  [jvm.dll+0x857a1e]
V  [jvm.dll+0x85940e]
V  [jvm.dll+0x859ac3]
V  [jvm.dll+0x28291f]
V  [jvm.dll+0xc40eb]
V  [jvm.dll+0x32a2d9]
V  [jvm.dll+0x821aeb]
V  [jvm.dll+0x3c27c1]
V  [jvm.dll+0x8022f1]
V  [jvm.dll+0x44b30f]
V  [jvm.dll+0x44cc91]
C  [jli.dll+0x5287]
C  [ucrtbase.dll+0x21bb2]
C  [KERNEL32.DLL+0x17614]
C  [ntdll.dll+0x526a1]


---------------  P R O C E S S  ---------------

Threads class SMR info:
_java_thread_list=0x00007ff9ffb6d048, length=0, elements={
}

Java Threads: ( => current thread )

Other Threads:

=>0x000001c4753dae40 (exited) JavaThread "Unknown thread" [_thread_in_vm, id=14292, stack(0x0000001125800000,0x0000001125900000)]

Threads with active compile tasks:

VM state: not at safepoint (not fully initialized)

VM Mutex/Monitor currently owned by a thread: None

Heap address: 0x0000000000000000, size: 0 MB, Compressed Oops mode: 32-bit

CDS archive(s) mapped at: [0x0000000000000000-0x0000000000000000-0x0000000000000000), size 0, SharedBaseAddress: 0x0000000800000000, ArchiveRelocationMode: 0.
Narrow klass base: 0x0000000000000000, Narrow klass shift: 0, Narrow klass range: 0x0

GC Precious Log:
 CardTable entry size: 512
 Card Set container configuration: InlinePtr #cards 5 size 8 Array Of Cards #cards 12 size 40 Howl #buckets 4 coarsen threshold 1843 Howl Bitmap #cards 512 size 80 coarsen threshold 460 Card regions per heap region 1 cards per card region 2048

GC Heap History (0 events):
No events

Dll operation events (1 events):
Event: 0.014 Loaded shared library C:\Program Files\Java\jdk-19\bin\java.dll

Deoptimization events (0 events):
No events

Classes loaded (0 events):
No events

Classes unloaded (0 events):
No events

Classes redefined (0 events):
No events

Internal exceptions (0 events):
No events

VM Operations (0 events):
No events

Events (0 events):
No events


Dynamic libraries:
0x00007ff708bb0000 - 0x00007ff708bc0000 	C:\Program Files\Java\jdk-19\bin\java.exe
0x00007ffa47f70000 - 0x00007ffa48168000 	C:\Windows\SYSTEM32\ntdll.dll
0x00007ffa461c0000 - 0x00007ffa4627f000 	C:\Windows\System32\KERNEL32.DLL
0x00007ffa45970000 - 0x00007ffa45c42000 	C:\Windows\System32\KERNELBASE.dll
0x00007ffa45c50000 - 0x00007ffa45d50000 	C:\Windows\System32\ucrtbase.dll
0x00007ffa30fa0000 - 0x00007ffa30fbb000 	C:\Program Files\Java\jdk-19\bin\VCRUNTIME140.dll
0x00007ffa2bee0000 - 0x00007ffa2bef8000 	C:\Program Files\Java\jdk-19\bin\jli.dll
0x00007ffa47480000 - 0x00007ffa4752e000 	C:\Windows\System32\ADVAPI32.dll
0x00007ffa479a0000 - 0x00007ffa47a3e000 	C:\Windows\System32\msvcrt.dll
0x00007ffa46b70000 - 0x00007ffa46c0c000 	C:\Windows\System32\sechost.dll
0x00007ffa46a00000 - 0x00007ffa46b25000 	C:\Windows\System32\RPCRT4.dll
0x00007ffa45fb0000 - 0x00007ffa46151000 	C:\Windows\System32\USER32.dll
0x00007ffa456d0000 - 0x00007ffa456f2000 	C:\Windows\System32\win32u.dll
0x00007ffa47c40000 - 0x00007ffa47c6b000 	C:\Windows\System32\GDI32.dll
0x00007ffa40a30000 - 0x00007ffa40cca000 	C:\Windows\WinSxS\amd64_microsoft.windows.common-controls_6595b64144ccf1df_6.0.19041.1110_none_60b5254171f9507e\COMCTL32.dll
0x00007ffa45700000 - 0x00007ffa4580f000 	C:\Windows\System32\gdi32full.dll
0x00007ffa45d50000 - 0x00007ffa45ded000 	C:\Windows\System32\msvcp_win.dll
0x00007ffa3cea0000 - 0x00007ffa3ceaa000 	C:\Windows\SYSTEM32\VERSION.dll
0x00007ffa46b30000 - 0x00007ffa46b62000 	C:\Windows\System32\IMM32.DLL
0x00007ffa385c0000 - 0x00007ffa385cc000 	C:\Program Files\Java\jdk-19\bin\vcruntime140_1.dll
0x00007ffa2bdd0000 - 0x00007ffa2be5e000 	C:\Program Files\Java\jdk-19\bin\msvcp140.dll
0x00007ff9feff0000 - 0x00007ff9ffcb0000 	C:\Program Files\Java\jdk-19\bin\server\jvm.dll
0x00007ffa3b100000 - 0x00007ffa3b127000 	C:\Windows\SYSTEM32\WINMM.dll
0x00007ffa31890000 - 0x00007ffa31899000 	C:\Windows\SYSTEM32\WSOCK32.dll
0x00007ffa47a40000 - 0x00007ffa47aab000 	C:\Windows\System32\WS2_32.dll
0x00007ffa43440000 - 0x00007ffa43452000 	C:\Windows\SYSTEM32\kernel.appcore.dll
0x00007ffa31260000 - 0x00007ffa3126a000 	C:\Program Files\Java\jdk-19\bin\jimage.dll
0x00007ffa3fa50000 - 0x00007ffa3fc34000 	C:\Windows\SYSTEM32\DBGHELP.DLL
0x00007ffa3f160000 - 0x00007ffa3f195000 	C:\Windows\SYSTEM32\dbgcore.DLL
0x00007ffa45ea0000 - 0x00007ffa45f22000 	C:\Windows\System32\bcryptPrimitives.dll
0x00007ffa2dba0000 - 0x00007ffa2dbc6000 	C:\Program Files\Java\jdk-19\bin\java.dll

dbghelp: loaded successfully - version: 4.0.5 - missing functions: none
symbol engine: initialized successfully - sym options: 0x614 - pdb path: .;C:\Program Files\Java\jdk-19\bin;C:\Windows\SYSTEM32;C:\Windows\WinSxS\amd64_microsoft.windows.common-controls_6595b64144ccf1df_6.0.19041.1110_none_60b5254171f9507e;C:\Program Files\Java\jdk-19\bin\server

VM Arguments:
jvm_args: -Dfile.encoding=UTF-8 --module-path=C:\Users\acer\Documents\NetBeansProjects\bank management system\build\classes 
java_command: bank.management.system.SignupThree
java_class_path (initial): C:\Users\acer\Documents\NetBeansProjects\bank management system\jcalendar-tz-1.3.3-4.jar;C:\Users\acer\Documents\NetBeansProjects\bank management system\mysql-connector-java-8.0.28.jar;C:\Users\acer\Documents\NetBeansProjects\bank management system\build\classes
Launcher Type: SUN_STANDARD

[Global flags]
     intx CICompilerCount                          = 3                                         {product} {ergonomic}
     uint ConcGCThreads                            = 1                                         {product} {ergonomic}
     uint G1ConcRefinementThreads                  = 4                                         {product} {ergonomic}
   size_t G1HeapRegionSize                         = 1048576                                   {product} {ergonomic}
    uintx GCDrainStackTargetSize                   = 64                                        {product} {ergonomic}
   size_t InitialHeapSize                          = 67108864                                  {product} {ergonomic}
   size_t MarkStackSize                            = 4194304                                   {product} {ergonomic}
   size_t MaxHeapSize                              = 1054867456                                {product} {ergonomic}
   size_t MinHeapDeltaBytes                        = 1048576                                   {product} {ergonomic}
   size_t MinHeapSize                              = 8388608                                   {product} {ergonomic}
    uintx NonNMethodCodeHeapSize                   = 5832780                                {pd product} {ergonomic}
    uintx NonProfiledCodeHeapSize                  = 122912730                              {pd product} {ergonomic}
    uintx ProfiledCodeHeapSize                     = 122912730                              {pd product} {ergonomic}
    uintx ReservedCodeCacheSize                    = 251658240                              {pd product} {ergonomic}
     bool SegmentedCodeCache                       = true                                      {product} {ergonomic}
   size_t SoftMaxHeapSize                          = 1054867456                             {manageable} {ergonomic}
     bool UseCompressedClassPointers               = true                           {product lp64_product} {ergonomic}
     bool UseCompressedOops                        = true                           {product lp64_product} {ergonomic}
     bool UseG1GC                                  = true                                      {product} {ergonomic}
     bool UseLargePagesIndividualAllocation        = false                                  {pd product} {ergonomic}

Logging:
Log output configuration:
 #0: stdout all=warning uptime,level,tags foldmultilines=false
 #1: stderr all=off uptime,level,tags foldmultilines=false

Environment Variables:
PATH=C:\Program Files\Common Files\Oracle\Java\javapath;C:\Python311\Scripts\;C:\Python311\;C:\Windows\system32;C:\Windows;C:\Windows\System32\Wbem;C:\Windows\System32\WindowsPowerShell\v1.0\;C:\Windows\System32\OpenSSH\;C:\Program Files\nodejs\;C:\ProgramData\chocolatey\bin;C:\Program Files\MySQL\MySQL Shell 8.0\bin\;C:\Users\acer\AppData\Local\Microsoft\WindowsApps;;C:\Users\acer\AppData\Local\Programs\Microsoft VS Code\bin;C:\Users\acer\AppData\Roaming\npm
USERNAME=acer
OS=Windows_NT
PROCESSOR_IDENTIFIER=Intel64 Family 6 Model 69 Stepping 1, GenuineIntel
TMP=C:\Users\acer\AppData\Local\Temp
TEMP=C:\Users\acer\AppData\Local\Temp



---------------  S Y S T E M  ---------------

OS:
 Windows 10 , 64 bit Build 19041 (10.0.19041.2364)
OS uptime: 11 days 17:27 hours

CPU: total 4 (initial active 4) (2 cores per cpu, 2 threads per core) family 6 model 69 stepping 1 microcode 0x25, cx8, cmov, fxsr, ht, mmx, sse, sse2, sse3, ssse3, sse4.1, sse4.2, popcnt, lzcnt, tsc, tscinvbit, avx, avx2, aes, erms, clmul, bmi1, bmi2, fma, vzeroupper, clflush, rdtscp

Memory: 4k page, system-wide physical 4019M (356M free)
TotalPageFile size 16307M (AvailPageFile size 4M)
current process WorkingSet (physical memory assigned to process): 9M, peak: 9M
current process commit charge ("private bytes"): 14M, peak: 15M

vm_info: Java HotSpot(TM) 64-Bit Server VM (19.0.1+10-21) for windows-amd64 JRE (19.0.1+10-21), built on 2022-09-14T12:45:06Z by "mach5one" with MS VC++ 17.1 (VS2022)

END.
